[0322/115723.127:ERROR:process_memory_win.cc(73)] ReadMemory at 0x7ff6f40c0000 of 64 bytes failed: Only part of a ReadProcessMemory or WriteProcessMemory request was completed. (0x12B)
[0322/115723.129:WARNING:pe_image_reader.cc(340)] could not read dos header from C:\Program Files (x86)\Google\Chrome\Application\chrome.exe
[0322/115723.129:ERROR:process_memory_win.cc(73)] ReadMemory at 0x7ffa71ad0000 of 64 bytes failed: Only part of a ReadProcessMemory or WriteProcessMemory request was completed. (0x12B)
[0322/115723.129:WARNING:pe_image_reader.cc(340)] could not read dos header from C:\WINDOWS\SYSTEM32\ntdll.dll
[0322/115723.130:ERROR:process_memory_win.cc(73)] ReadMemory at 0x7ffa6f8a0000 of 64 bytes failed: Only part of a ReadProcessMemory or WriteProcessMemory request was completed. (0x12B)
[0322/115723.130:WARNING:pe_image_reader.cc(340)] could not read dos header from C:\WINDOWS\System32\KERNEL32.DLL
[0322/115723.130:ERROR:process_memory_win.cc(73)] ReadMemory at 0x7ffa6e4e0000 of 64 bytes failed: Only part of a ReadProcessMemory or WriteProcessMemory request was completed. (0x12B)
[0322/115723.130:WARNING:pe_image_reader.cc(340)] could not read dos header from C:\WINDOWS\System32\KERNELBASE.dll
[0322/115723.130:ERROR:process_memory_win.cc(73)] ReadMemory at 0x7ffa3cc70000 of 64 bytes failed: Only part of a ReadProcessMemory or WriteProcessMemory request was completed. (0x12B)
[0322/115723.130:WARNING:pe_image_reader.cc(340)] could not read dos header from C:\Program Files (x86)\Google\Chrome\Application\80.0.3987.132\chrome_elf.dll
[0322/115723.130:ERROR:process_memory_win.cc(73)] ReadMemory at 0x7ffa62570000 of 64 bytes failed: Only part of a ReadProcessMemory or WriteProcessMemory request was completed. (0x12B)
[0322/115723.130:WARNING:pe_image_reader.cc(340)] could not read dos header from C:\WINDOWS\SYSTEM32\VERSION.dll
[0322/115723.130:ERROR:process_memory_win.cc(73)] ReadMemory at 0x7ffa6fdf0000 of 64 bytes failed: Only part of a ReadProcessMemory or WriteProcessMemory request was completed. (0x12B)
[0322/115723.130:WARNING:pe_image_reader.cc(340)] could not read dos header from C:\WINDOWS\System32\msvcrt.dll
[0322/115723.130:ERROR:process_memory_win.cc(73)] ReadMemory at 0x7ffa6e780000 of 64 bytes failed: Only part of a ReadProcessMemory or WriteProcessMemory request was completed. (0x12B)
[0322/115723.130:WARNING:pe_image_reader.cc(340)] could not read dos header from C:\WINDOWS\System32\bcryptPrimitives.dll
[0322/115723.131:ERROR:process_memory_win.cc(73)] ReadMemory at 0x7ffa6fc10000 of 64 bytes failed: Only part of a ReadProcessMemory or WriteProcessMemory request was completed. (0x12B)
[0322/115723.131:WARNING:pe_image_reader.cc(340)] could not read dos header from C:\WINDOWS\System32\ADVAPI32.dll
[0322/115723.131:ERROR:process_memory_win.cc(73)] ReadMemory at 0x7ffa6f640000 of 64 bytes failed: Only part of a ReadProcessMemory or WriteProcessMemory request was completed. (0x12B)
[0322/115723.131:WARNING:pe_image_reader.cc(340)] could not read dos header from C:\WINDOWS\System32\sechost.dll
[0322/115723.131:ERROR:process_memory_win.cc(73)] ReadMemory at 0x7ffa6f280000 of 64 bytes failed: Only part of a ReadProcessMemory or WriteProcessMemory request was completed. (0x12B)
[0322/115723.131:WARNING:pe_image_reader.cc(340)] could not read dos header from C:\WINDOWS\System32\RPCRT4.dll
[0322/115723.131:ERROR:process_memory_win.cc(73)] ReadMemory at 0x7ffa20f50000 of 64 bytes failed: Only part of a ReadProcessMemory or WriteProcessMemory request was completed. (0x12B)
[0322/115723.131:WARNING:pe_image_reader.cc(340)] could not read dos header from C:\Program Files (x86)\Google\Chrome\Application\80.0.3987.132\chrome.dll
[0322/115723.131:ERROR:process_memory_win.cc(73)] ReadMemory at 0x7ffa6f4e0000 of 64 bytes failed: Only part of a ReadProcessMemory or WriteProcessMemory request was completed. (0x12B)
[0322/115723.131:WARNING:pe_image_reader.cc(340)] could not read dos header from C:\WINDOWS\System32\WS2_32.dll
[0322/115723.131:ERROR:process_memory_win.cc(73)] ReadMemory at 0x7ffa6fcc0000 of 64 bytes failed: Only part of a ReadProcessMemory or WriteProcessMemory request was completed. (0x12B)
[0322/115723.131:WARNING:pe_image_reader.cc(340)] could not read dos header from C:\WINDOWS\System32\OLEAUT32.dll
[0322/115723.131:ERROR:process_memory_win.cc(73)] ReadMemory at 0x7ffa6e800000 of 64 bytes failed: Only part of a ReadProcessMemory or WriteProcessMemory request was completed. (0x12B)
[0322/115723.131:WARNING:pe_image_reader.cc(340)] could not read dos header from C:\WINDOWS\System32\msvcp_win.dll
[0322/115723.131:ERROR:process_memory_win.cc(73)] ReadMemory at 0x7ffa6db90000 of 64 bytes failed: Only part of a ReadProcessMemory or WriteProcessMemory request was completed. (0x12B)
[0322/115723.131:WARNING:pe_image_reader.cc(340)] could not read dos header from C:\WINDOWS\System32\ucrtbase.dll
[0322/115723.132:ERROR:process_memory_win.cc(73)] ReadMemory at 0x7ffa6fe90000 of 64 bytes failed: Only part of a ReadProcessMemory or WriteProcessMemory request was completed. (0x12B)
[0322/115723.132:WARNING:pe_image_reader.cc(340)] could not read dos header from C:\WINDOWS\System32\combase.dll
[0322/115723.132:ERROR:process_memory_win.cc(73)] ReadMemory at 0x7ffa6ec90000 of 64 bytes failed: Only part of a ReadProcessMemory or WriteProcessMemory request was completed. (0x12B)
[0322/115723.132:WARNING:pe_image_reader.cc(340)] could not read dos header from C:\WINDOWS\System32\WINTRUST.dll
[0322/115723.132:ERROR:process_memory_win.cc(73)] ReadMemory at 0x7ffa6db40000 of 64 bytes failed: Only part of a ReadProcessMemory or WriteProcessMemory request was completed. (0x12B)
[0322/115723.132:WARNING:pe_image_reader.cc(340)] could not read dos header from C:\WINDOWS\System32\MSASN1.dll
[0322/115723.132:ERROR:process_memory_win.cc(73)] ReadMemory at 0x7ffa6e8c0000 of 64 bytes failed: Only part of a ReadProcessMemory or WriteProcessMemory request was completed. (0x12B)
[0322/115723.132:WARNING:pe_image_reader.cc(340)] could not read dos header from C:\WINDOWS\System32\CRYPT32.dll
[0322/115723.132:ERROR:process_memory_win.cc(73)] ReadMemory at 0x7ffa6cfb0000 of 64 bytes failed: Only part of a ReadProcessMemory or WriteProcessMemory request was completed. (0x12B)
[0322/115723.132:WARNING:pe_image_reader.cc(340)] could not read dos header from C:\WINDOWS\SYSTEM32\IPHLPAPI.DLL
[0322/115723.132:ERROR:process_memory_win.cc(73)] ReadMemory at 0x7ffa6af50000 of 64 bytes failed: Only part of a ReadProcessMemory or WriteProcessMemory request was completed. (0x12B)
[0322/115723.132:WARNING:pe_image_reader.cc(340)] could not read dos header from C:\WINDOWS\SYSTEM32\WINMM.dll
[0322/115723.133:ERROR:process_memory_win.cc(73)] ReadMemory at 0x7ffa62320000 of 64 bytes failed: Only part of a ReadProcessMemory or WriteProcessMemory request was completed. (0x12B)
[0322/115723.133:WARNING:pe_image_reader.cc(340)] could not read dos header from C:\WINDOWS\SYSTEM32\Secur32.dll
[0322/115723.133:ERROR:process_memory_win.cc(73)] ReadMemory at 0x7ffa6d9c0000 of 64 bytes failed: Only part of a ReadProcessMemory or WriteProcessMemory request was completed. (0x12B)
[0322/115723.133:WARNING:pe_image_reader.cc(340)] could not read dos header from C:\WINDOWS\SYSTEM32\USERENV.dll
[0322/115723.133:ERROR:process_memory_win.cc(73)] ReadMemory at 0x7ffa6db60000 of 64 bytes failed: Only part of a ReadProcessMemory or WriteProcessMemory request was completed. (0x12B)
[0322/115723.133:WARNING:pe_image_reader.cc(340)] could not read dos header from C:\WINDOWS\System32\profapi.dll
[0322/115723.133:ERROR:process_memory_win.cc(73)] ReadMemory at 0x7ffa45e10000 of 64 bytes failed: Only part of a ReadProcessMemory or WriteProcessMemory request was completed. (0x12B)
[0322/115723.133:WARNING:pe_image_reader.cc(340)] could not read dos header from C:\WINDOWS\SYSTEM32\UIAutomationCore.DLL
[0322/115723.133:ERROR:process_memory_win.cc(73)] ReadMemory at 0x7ffa60000000 of 64 bytes failed: Only part of a ReadProcessMemory or WriteProcessMemory request was completed. (0x12B)
[0322/115723.133:WARNING:pe_image_reader.cc(340)] could not read dos header from C:\WINDOWS\SYSTEM32\DWrite.dll
[0322/115723.133:ERROR:process_memory_win.cc(73)] ReadMemory at 0x7ffa65f90000 of 64 bytes failed: Only part of a ReadProcessMemory or WriteProcessMemory request was completed. (0x12B)
[0322/115723.133:WARNING:pe_image_reader.cc(340)] could not read dos header from C:\WINDOWS\SYSTEM32\WINSPOOL.DRV
[0322/115723.133:ERROR:process_memory_win.cc(73)] ReadMemory at 0x7ffa6db20000 of 64 bytes failed: Only part of a ReadProcessMemory or WriteProcessMemory request was completed. (0x12B)
[0322/115723.133:WARNING:pe_image_reader.cc(340)] could not read dos header from C:\WINDOWS\System32\kernel.appcore.dll
[0322/115723.134:ERROR:process_memory_win.cc(73)] ReadMemory at 0x7ffa6dc90000 of 64 bytes failed: Only part of a ReadProcessMemory or WriteProcessMemory request was completed. (0x12B)
[0322/115723.134:WARNING:pe_image_reader.cc(340)] could not read dos header from C:\WINDOWS\System32\bcrypt.dll
[0322/115723.134:ERROR:process_memory_win.cc(73)] ReadMemory at 0x7ffa59210000 of 64 bytes failed: Only part of a ReadProcessMemory or WriteProcessMemory request was completed. (0x12B)
[0322/115723.134:WARNING:pe_image_reader.cc(340)] could not read dos header from C:\WINDOWS\SYSTEM32\dbghelp.dll
[0322/115723.134:ERROR:process_memory_win.cc(73)] ReadMemory at 0x7ffa681d0000 of 64 bytes failed: Only part of a ReadProcessMemory or WriteProcessMemory request was completed. (0x12B)
[0322/115723.134:WARNING:pe_image_reader.cc(340)] could not read dos header from C:\WINDOWS\SYSTEM32\WINHTTP.dll
[0322/115723.134:ERROR:process_memory_win.cc(73)] ReadMemory at 0x7ffa646f0000 of 64 bytes failed: Only part of a ReadProcessMemory or WriteProcessMemory request was completed. (0x12B)
[0322/115723.134:WARNING:pe_image_reader.cc(340)] could not read dos header from C:\WINDOWS\SYSTEM32\dhcpcsvc.DLL
[0322/115723.134:ERROR:process_memory_win.cc(73)] ReadMemory at 0x7ffa6f550000 of 64 bytes failed: Only part of a ReadProcessMemory or WriteProcessMemory request was completed. (0x12B)
[0322/115723.134:WARNING:pe_image_reader.cc(340)] could not read dos header from C:\WINDOWS\System32\NSI.dll
[0322/115723.134:ERROR:process_memory_win.cc(73)] ReadMemory at 0x7ffa6af20000 of 64 bytes failed: Only part of a ReadProcessMemory or WriteProcessMemory request was completed. (0x12B)
[0322/115723.134:WARNING:pe_image_reader.cc(340)] could not read dos header from C:\WINDOWS\SYSTEM32\WINMMBASE.dll
[0322/115723.134:ERROR:process_memory_win.cc(73)] ReadMemory at 0x7ffa6eaa0000 of 64 bytes failed: Only part of a ReadProcessMemory or WriteProcessMemory request was completed. (0x12B)
[0322/115723.134:WARNING:pe_image_reader.cc(340)] could not read dos header from C:\WINDOWS\System32\cfgmgr32.dll
[0322/115723.134:ERROR:process_memory_win.cc(73)] ReadMemory at 0x7ffa61e60000 of 64 bytes failed: Only part of a ReadProcessMemory or WriteProcessMemory request was completed. (0x12B)
[0322/115723.134:WARNING:pe_image_reader.cc(340)] could not read dos header from C:\WINDOWS\SYSTEM32\Bcp47Langs.dll
[0322/115723.134:ERROR:process_memory_win.cc(73)] ReadMemory at 0x7ffa69250000 of 64 bytes failed: Only part of a ReadProcessMemory or WriteProcessMemory request was completed. (0x12B)
[0322/115723.135:WARNING:pe_image_reader.cc(340)] could not read dos header from C:\WINDOWS\SYSTEM32\PROPSYS.dll
[0322/115723.135:ERROR:process_memory_win.cc(73)] ReadMemory at 0x7ffa6fb60000 of 64 bytes failed: Only part of a ReadProcessMemory or WriteProcessMemory request was completed. (0x12B)
[0322/115723.135:WARNING:pe_image_reader.cc(340)] could not read dos header from C:\WINDOWS\System32\shcore.dll
[0322/115723.135:ERROR:process_memory_win.cc(73)] ReadMemory at 0x7ffa6d9f0000 of 64 bytes failed: Only part of a ReadProcessMemory or WriteProcessMemory request was completed. (0x12B)
[0322/115723.135:WARNING:pe_image_reader.cc(340)] could not read dos header from C:\WINDOWS\SYSTEM32\SSPICLI.DLL
[0322/115723.135:ERROR:process_memory_win.cc(73)] ReadMemory at 0x7ffa701c0000 of 64 bytes failed: Only part of a ReadProcessMemory or WriteProcessMemory request was completed. (0x12B)
[0322/115723.135:WARNING:pe_image_reader.cc(340)] could not read dos header from C:\WINDOWS\System32\SHELL32.dll
[0322/115723.135:ERROR:process_memory_win.cc(73)] ReadMemory at 0x7ffa6dce0000 of 64 bytes failed: Only part of a ReadProcessMemory or WriteProcessMemory request was completed. (0x12B)
[0322/115723.135:WARNING:pe_image_reader.cc(340)] could not read dos header from C:\WINDOWS\System32\windows.storage.dll
[0322/115723.135:ERROR:process_memory_win.cc(73)] ReadMemory at 0x7ffa6dac0000 of 64 bytes failed: Only part of a ReadProcessMemory or WriteProcessMemory request was completed. (0x12B)
[0322/115723.136:WARNING:pe_image_reader.cc(340)] could not read dos header from C:\WINDOWS\System32\powrprof.dll
[0322/115723.136:ERROR:process_memory_win.cc(73)] ReadMemory at 0x7ffa718a0000 of 64 bytes failed: Only part of a ReadProcessMemory or WriteProcessMemory request was completed. (0x12B)
[0322/115723.136:WARNING:pe_image_reader.cc(340)] could not read dos header from C:\WINDOWS\System32\shlwapi.dll
[0322/115723.136:ERROR:process_memory_win.cc(73)] ReadMemory at 0x7ffa6f560000 of 64 bytes failed: Only part of a ReadProcessMemory or WriteProcessMemory request was completed. (0x12B)
[0322/115723.136:WARNING:pe_image_reader.cc(340)] could not read dos header from C:\WINDOWS\System32\GDI32.dll
[0322/115723.136:ERROR:process_memory_win.cc(73)] ReadMemory at 0x7ffa6eaf0000 of 64 bytes failed: Only part of a ReadProcessMemory or WriteProcessMemory request was completed. (0x12B)
[0322/115723.136:WARNING:pe_image_reader.cc(340)] could not read dos header from C:\WINDOWS\System32\gdi32full.dll
[0322/115723.136:ERROR:process_memory_win.cc(73)] ReadMemory at 0x7ffa6f9c0000 of 64 bytes failed: Only part of a ReadProcessMemory or WriteProcessMemory request was completed. (0x12B)
[0322/115723.136:WARNING:pe_image_reader.cc(340)] could not read dos header from C:\WINDOWS\System32\USER32.dll
[0322/115723.136:ERROR:process_memory_win.cc(73)] ReadMemory at 0x7ffa6dcc0000 of 64 bytes failed: Only part of a ReadProcessMemory or WriteProcessMemory request was completed. (0x12B)
[0322/115723.136:WARNING:pe_image_reader.cc(340)] could not read dos header from C:\WINDOWS\System32\win32u.dll
[0322/115723.137:ERROR:process_memory_win.cc(73)] ReadMemory at 0x7ffa6e8a0000 of 64 bytes failed: Only part of a ReadProcessMemory or WriteProcessMemory request was completed. (0x12B)
[0322/115723.137:WARNING:pe_image_reader.cc(340)] could not read dos header from C:\WINDOWS\System32\cryptsp.dll
[0322/115723.137:ERROR:process_memory_win.cc(73)] ReadMemory at 0x7ffa71900000 of 64 bytes failed: Only part of a ReadProcessMemory or WriteProcessMemory request was completed. (0x12B)
[0322/115723.137:WARNING:pe_image_reader.cc(340)] could not read dos header from C:\WINDOWS\System32\IMM32.DLL
[0322/115723.137:ERROR:process_memory_win.cc(73)] ReadMemory at 0x7ffa6d4b0000 of 64 bytes failed: Only part of a ReadProcessMemory or WriteProcessMemory request was completed. (0x12B)
[0322/115723.137:WARNING:pe_image_reader.cc(340)] could not read dos header from C:\WINDOWS\SYSTEM32\CRYPTBASE.DLL
[0322/115723.137:ERROR:process_memory_win.cc(73)] ReadMemory at 0x7ff6f40c0000 of 64 bytes failed: Only part of a ReadProcessMemory or WriteProcessMemory request was completed. (0x12B)
[0322/115723.137:WARNING:pe_image_reader.cc(340)] could not read dos header from C:\Program Files (x86)\Google\Chrome\Application\chrome.exe
[0322/115723.137:ERROR:process_memory_win.cc(73)] ReadMemory at 0x7ffa71ad0000 of 64 bytes failed: Only part of a ReadProcessMemory or WriteProcessMemory request was completed. (0x12B)
[0322/115723.137:WARNING:pe_image_reader.cc(340)] could not read dos header from C:\WINDOWS\SYSTEM32\ntdll.dll
[0322/115723.137:ERROR:process_memory_win.cc(73)] ReadMemory at 0x7ffa6f8a0000 of 64 bytes failed: Only part of a ReadProcessMemory or WriteProcessMemory request was completed. (0x12B)
[0322/115723.137:WARNING:pe_image_reader.cc(340)] could not read dos header from C:\WINDOWS\System32\KERNEL32.DLL
[0322/115723.137:ERROR:process_memory_win.cc(73)] ReadMemory at 0x7ffa6e4e0000 of 64 bytes failed: Only part of a ReadProcessMemory or WriteProcessMemory request was completed. (0x12B)
[0322/115723.137:WARNING:pe_image_reader.cc(340)] could not read dos header from C:\WINDOWS\System32\KERNELBASE.dll
[0322/115723.137:ERROR:process_memory_win.cc(73)] ReadMemory at 0x7ffa3cc70000 of 64 bytes failed: Only part of a ReadProcessMemory or WriteProcessMemory request was completed. (0x12B)
[0322/115723.138:WARNING:pe_image_reader.cc(340)] could not read dos header from C:\Program Files (x86)\Google\Chrome\Application\80.0.3987.132\chrome_elf.dll
[0322/115723.138:ERROR:process_memory_win.cc(73)] ReadMemory at 0x7ffa62570000 of 64 bytes failed: Only part of a ReadProcessMemory or WriteProcessMemory request was completed. (0x12B)
[0322/115723.138:WARNING:pe_image_reader.cc(340)] could not read dos header from C:\WINDOWS\SYSTEM32\VERSION.dll
[0322/115723.138:ERROR:process_memory_win.cc(73)] ReadMemory at 0x7ffa6fdf0000 of 64 bytes failed: Only part of a ReadProcessMemory or WriteProcessMemory request was completed. (0x12B)
[0322/115723.138:WARNING:pe_image_reader.cc(340)] could not read dos header from C:\WINDOWS\System32\msvcrt.dll
[0322/115723.138:ERROR:process_memory_win.cc(73)] ReadMemory at 0x7ffa6e780000 of 64 bytes failed: Only part of a ReadProcessMemory or WriteProcessMemory request was completed. (0x12B)
[0322/115723.138:WARNING:pe_image_reader.cc(340)] could not read dos header from C:\WINDOWS\System32\bcryptPrimitives.dll
[0322/115723.138:ERROR:process_memory_win.cc(73)] ReadMemory at 0x7ffa6fc10000 of 64 bytes failed: Only part of a ReadProcessMemory or WriteProcessMemory request was completed. (0x12B)
[0322/115723.138:WARNING:pe_image_reader.cc(340)] could not read dos header from C:\WINDOWS\System32\ADVAPI32.dll
[0322/115723.138:ERROR:process_memory_win.cc(73)] ReadMemory at 0x7ffa6f640000 of 64 bytes failed: Only part of a ReadProcessMemory or WriteProcessMemory request was completed. (0x12B)
[0322/115723.139:WARNING:pe_image_reader.cc(340)] could not read dos header from C:\WINDOWS\System32\sechost.dll
[0322/115723.139:ERROR:process_memory_win.cc(73)] ReadMemory at 0x7ffa6f280000 of 64 bytes failed: Only part of a ReadProcessMemory or WriteProcessMemory request was completed. (0x12B)
[0322/115723.139:WARNING:pe_image_reader.cc(340)] could not read dos header from C:\WINDOWS\System32\RPCRT4.dll
[0322/115723.139:ERROR:process_memory_win.cc(73)] ReadMemory at 0x7ffa20f50000 of 64 bytes failed: Only part of a ReadProcessMemory or WriteProcessMemory request was completed. (0x12B)
[0322/115723.139:WARNING:pe_image_reader.cc(340)] could not read dos header from C:\Program Files (x86)\Google\Chrome\Application\80.0.3987.132\chrome.dll
[0322/115723.139:ERROR:process_memory_win.cc(73)] ReadMemory at 0x7ffa6f4e0000 of 64 bytes failed: Only part of a ReadProcessMemory or WriteProcessMemory request was completed. (0x12B)
[0322/115723.139:WARNING:pe_image_reader.cc(340)] could not read dos header from C:\WINDOWS\System32\WS2_32.dll
[0322/115723.140:ERROR:process_memory_win.cc(73)] ReadMemory at 0x7ffa6fcc0000 of 64 bytes failed: Only part of a ReadProcessMemory or WriteProcessMemory request was completed. (0x12B)
[0322/115723.140:WARNING:pe_image_reader.cc(340)] could not read dos header from C:\WINDOWS\System32\OLEAUT32.dll
[0322/115723.140:ERROR:process_memory_win.cc(73)] ReadMemory at 0x7ffa6e800000 of 64 bytes failed: Only part of a ReadProcessMemory or WriteProcessMemory request was completed. (0x12B)
[0322/115723.140:WARNING:pe_image_reader.cc(340)] could not read dos header from C:\WINDOWS\System32\msvcp_win.dll
[0322/115723.140:ERROR:process_memory_win.cc(73)] ReadMemory at 0x7ffa6db90000 of 64 bytes failed: Only part of a ReadProcessMemory or WriteProcessMemory request was completed. (0x12B)
[0322/115723.140:WARNING:pe_image_reader.cc(340)] could not read dos header from C:\WINDOWS\System32\ucrtbase.dll
[0322/115723.140:ERROR:process_memory_win.cc(73)] ReadMemory at 0x7ffa6fe90000 of 64 bytes failed: Only part of a ReadProcessMemory or WriteProcessMemory request was completed. (0x12B)
[0322/115723.140:WARNING:pe_image_reader.cc(340)] could not read dos header from C:\WINDOWS\System32\combase.dll
[0322/115723.140:ERROR:process_memory_win.cc(73)] ReadMemory at 0x7ffa6ec90000 of 64 bytes failed: Only part of a ReadProcessMemory or WriteProcessMemory request was completed. (0x12B)
[0322/115723.140:WARNING:pe_image_reader.cc(340)] could not read dos header from C:\WINDOWS\System32\WINTRUST.dll
[0322/115723.140:ERROR:process_memory_win.cc(73)] ReadMemory at 0x7ffa6db40000 of 64 bytes failed: Only part of a ReadProcessMemory or WriteProcessMemory request was completed. (0x12B)
[0322/115723.140:WARNING:pe_image_reader.cc(340)] could not read dos header from C:\WINDOWS\System32\MSASN1.dll
[0322/115723.141:ERROR:process_memory_win.cc(73)] ReadMemory at 0x7ffa6e8c0000 of 64 bytes failed: Only part of a ReadProcessMemory or WriteProcessMemory request was completed. (0x12B)
[0322/115723.141:WARNING:pe_image_reader.cc(340)] could not read dos header from C:\WINDOWS\System32\CRYPT32.dll
[0322/115723.141:ERROR:process_memory_win.cc(73)] ReadMemory at 0x7ffa6cfb0000 of 64 bytes failed: Only part of a ReadProcessMemory or WriteProcessMemory request was completed. (0x12B)
[0322/115723.141:WARNING:pe_image_reader.cc(340)] could not read dos header from C:\WINDOWS\SYSTEM32\IPHLPAPI.DLL
[0322/115723.141:ERROR:process_memory_win.cc(73)] ReadMemory at 0x7ffa6af50000 of 64 bytes failed: Only part of a ReadProcessMemory or WriteProcessMemory request was completed. (0x12B)
[0322/115723.141:WARNING:pe_image_reader.cc(340)] could not read dos header from C:\WINDOWS\SYSTEM32\WINMM.dll
[0322/115723.141:ERROR:process_memory_win.cc(73)] ReadMemory at 0x7ffa62320000 of 64 bytes failed: Only part of a ReadProcessMemory or WriteProcessMemory request was completed. (0x12B)
[0322/115723.141:WARNING:pe_image_reader.cc(340)] could not read dos header from C:\WINDOWS\SYSTEM32\Secur32.dll
[0322/115723.141:ERROR:process_memory_win.cc(73)] ReadMemory at 0x7ffa6d9c0000 of 64 bytes failed: Only part of a ReadProcessMemory or WriteProcessMemory request was completed. (0x12B)
[0322/115723.141:WARNING:pe_image_reader.cc(340)] could not read dos header from C:\WINDOWS\SYSTEM32\USERENV.dll
[0322/115723.141:ERROR:process_memory_win.cc(73)] ReadMemory at 0x7ffa6db60000 of 64 bytes failed: Only part of a ReadProcessMemory or WriteProcessMemory request was completed. (0x12B)
[0322/115723.141:WARNING:pe_image_reader.cc(340)] could not read dos header from C:\WINDOWS\System32\profapi.dll
[0322/115723.141:ERROR:process_memory_win.cc(73)] ReadMemory at 0x7ffa45e10000 of 64 bytes failed: Only part of a ReadProcessMemory or WriteProcessMemory request was completed. (0x12B)
[0322/115723.141:WARNING:pe_image_reader.cc(340)] could not read dos header from C:\WINDOWS\SYSTEM32\UIAutomationCore.DLL
[0322/115723.141:ERROR:process_memory_win.cc(73)] ReadMemory at 0x7ffa60000000 of 64 bytes failed: Only part of a ReadProcessMemory or WriteProcessMemory request was completed. (0x12B)
[0322/115723.141:WARNING:pe_image_reader.cc(340)] could not read dos header from C:\WINDOWS\SYSTEM32\DWrite.dll
[0322/115723.141:ERROR:process_memory_win.cc(73)] ReadMemory at 0x7ffa65f90000 of 64 bytes failed: Only part of a ReadProcessMemory or WriteProcessMemory request was completed. (0x12B)
[0322/115723.142:WARNING:pe_image_reader.cc(340)] could not read dos header from C:\WINDOWS\SYSTEM32\WINSPOOL.DRV
[0322/115723.142:ERROR:process_memory_win.cc(73)] ReadMemory at 0x7ffa6db20000 of 64 bytes failed: Only part of a ReadProcessMemory or WriteProcessMemory request was completed. (0x12B)
[0322/115723.142:WARNING:pe_image_reader.cc(340)] could not read dos header from C:\WINDOWS\System32\kernel.appcore.dll
[0322/115723.142:ERROR:process_memory_win.cc(73)] ReadMemory at 0x7ffa6dc90000 of 64 bytes failed: Only part of a ReadProcessMemory or WriteProcessMemory request was completed. (0x12B)
[0322/115723.142:WARNING:pe_image_reader.cc(340)] could not read dos header from C:\WINDOWS\System32\bcrypt.dll
[0322/115723.142:ERROR:process_memory_win.cc(73)] ReadMemory at 0x7ffa59210000 of 64 bytes failed: Only part of a ReadProcessMemory or WriteProcessMemory request was completed. (0x12B)
[0322/115723.143:WARNING:pe_image_reader.cc(340)] could not read dos header from C:\WINDOWS\SYSTEM32\dbghelp.dll
[0322/115723.143:ERROR:process_memory_win.cc(73)] ReadMemory at 0x7ffa681d0000 of 64 bytes failed: Only part of a ReadProcessMemory or WriteProcessMemory request was completed. (0x12B)
[0322/115723.143:WARNING:pe_image_reader.cc(340)] could not read dos header from C:\WINDOWS\SYSTEM32\WINHTTP.dll
[0322/115723.143:ERROR:process_memory_win.cc(73)] ReadMemory at 0x7ffa646f0000 of 64 bytes failed: Only part of a ReadProcessMemory or WriteProcessMemory request was completed. (0x12B)
[0322/115723.143:WARNING:pe_image_reader.cc(340)] could not read dos header from C:\WINDOWS\SYSTEM32\dhcpcsvc.DLL
[0322/115723.143:ERROR:process_memory_win.cc(73)] ReadMemory at 0x7ffa6f550000 of 64 bytes failed: Only part of a ReadProcessMemory or WriteProcessMemory request was completed. (0x12B)
[0322/115723.143:WARNING:pe_image_reader.cc(340)] could not read dos header from C:\WINDOWS\System32\NSI.dll
[0322/115723.143:ERROR:process_memory_win.cc(73)] ReadMemory at 0x7ffa6af20000 of 64 bytes failed: Only part of a ReadProcessMemory or WriteProcessMemory request was completed. (0x12B)
[0322/115723.143:WARNING:pe_image_reader.cc(340)] could not read dos header from C:\WINDOWS\SYSTEM32\WINMMBASE.dll
[0322/115723.143:ERROR:process_memory_win.cc(73)] ReadMemory at 0x7ffa6eaa0000 of 64 bytes failed: Only part of a ReadProcessMemory or WriteProcessMemory request was completed. (0x12B)
[0322/115723.143:WARNING:pe_image_reader.cc(340)] could not read dos header from C:\WINDOWS\System32\cfgmgr32.dll
[0322/115723.143:ERROR:process_memory_win.cc(73)] ReadMemory at 0x7ffa61e60000 of 64 bytes failed: Only part of a ReadProcessMemory or WriteProcessMemory request was completed. (0x12B)
[0322/115723.143:WARNING:pe_image_reader.cc(340)] could not read dos header from C:\WINDOWS\SYSTEM32\Bcp47Langs.dll
[0322/115723.143:ERROR:process_memory_win.cc(73)] ReadMemory at 0x7ffa69250000 of 64 bytes failed: Only part of a ReadProcessMemory or WriteProcessMemory request was completed. (0x12B)
[0322/115723.144:WARNING:pe_image_reader.cc(340)] could not read dos header from C:\WINDOWS\SYSTEM32\PROPSYS.dll
[0322/115723.144:ERROR:process_memory_win.cc(73)] ReadMemory at 0x7ffa6fb60000 of 64 bytes failed: Only part of a ReadProcessMemory or WriteProcessMemory request was completed. (0x12B)
[0322/115723.144:WARNING:pe_image_reader.cc(340)] could not read dos header from C:\WINDOWS\System32\shcore.dll
[0322/115723.144:ERROR:process_memory_win.cc(73)] ReadMemory at 0x7ffa6d9f0000 of 64 bytes failed: Only part of a ReadProcessMemory or WriteProcessMemory request was completed. (0x12B)
[0322/115723.144:WARNING:pe_image_reader.cc(340)] could not read dos header from C:\WINDOWS\SYSTEM32\SSPICLI.DLL
[0322/115723.144:ERROR:process_memory_win.cc(73)] ReadMemory at 0x7ffa701c0000 of 64 bytes failed: Only part of a ReadProcessMemory or WriteProcessMemory request was completed. (0x12B)
[0322/115723.144:WARNING:pe_image_reader.cc(340)] could not read dos header from C:\WINDOWS\System32\SHELL32.dll
[0322/115723.144:ERROR:process_memory_win.cc(73)] ReadMemory at 0x7ffa6dce0000 of 64 bytes failed: Only part of a ReadProcessMemory or WriteProcessMemory request was completed. (0x12B)
[0322/115723.144:WARNING:pe_image_reader.cc(340)] could not read dos header from C:\WINDOWS\System32\windows.storage.dll
[0322/115723.144:ERROR:process_memory_win.cc(73)] ReadMemory at 0x7ffa6dac0000 of 64 bytes failed: Only part of a ReadProcessMemory or WriteProcessMemory request was completed. (0x12B)
[0322/115723.144:WARNING:pe_image_reader.cc(340)] could not read dos header from C:\WINDOWS\System32\powrprof.dll
[0322/115723.144:ERROR:process_memory_win.cc(73)] ReadMemory at 0x7ffa718a0000 of 64 bytes failed: Only part of a ReadProcessMemory or WriteProcessMemory request was completed. (0x12B)
[0322/115723.144:WARNING:pe_image_reader.cc(340)] could not read dos header from C:\WINDOWS\System32\shlwapi.dll
[0322/115723.144:ERROR:process_memory_win.cc(73)] ReadMemory at 0x7ffa6f560000 of 64 bytes failed: Only part of a ReadProcessMemory or WriteProcessMemory request was completed. (0x12B)
[0322/115723.144:WARNING:pe_image_reader.cc(340)] could not read dos header from C:\WINDOWS\System32\GDI32.dll
[0322/115723.144:ERROR:process_memory_win.cc(73)] ReadMemory at 0x7ffa6eaf0000 of 64 bytes failed: Only part of a ReadProcessMemory or WriteProcessMemory request was completed. (0x12B)
[0322/115723.145:WARNING:pe_image_reader.cc(340)] could not read dos header from C:\WINDOWS\System32\gdi32full.dll
[0322/115723.145:ERROR:process_memory_win.cc(73)] ReadMemory at 0x7ffa6f9c0000 of 64 bytes failed: Only part of a ReadProcessMemory or WriteProcessMemory request was completed. (0x12B)
[0322/115723.145:WARNING:pe_image_reader.cc(340)] could not read dos header from C:\WINDOWS\System32\USER32.dll
[0322/115723.145:ERROR:process_memory_win.cc(73)] ReadMemory at 0x7ffa6dcc0000 of 64 bytes failed: Only part of a ReadProcessMemory or WriteProcessMemory request was completed. (0x12B)
[0322/115723.145:WARNING:pe_image_reader.cc(340)] could not read dos header from C:\WINDOWS\System32\win32u.dll
[0322/115723.145:ERROR:process_memory_win.cc(73)] ReadMemory at 0x7ffa6e8a0000 of 64 bytes failed: Only part of a ReadProcessMemory or WriteProcessMemory request was completed. (0x12B)
[0322/115723.145:WARNING:pe_image_reader.cc(340)] could not read dos header from C:\WINDOWS\System32\cryptsp.dll
[0322/115723.145:ERROR:process_memory_win.cc(73)] ReadMemory at 0x7ffa71900000 of 64 bytes failed: Only part of a ReadProcessMemory or WriteProcessMemory request was completed. (0x12B)
[0322/115723.145:WARNING:pe_image_reader.cc(340)] could not read dos header from C:\WINDOWS\System32\IMM32.DLL
[0322/115723.145:ERROR:process_memory_win.cc(73)] ReadMemory at 0x7ffa6d4b0000 of 64 bytes failed: Only part of a ReadProcessMemory or WriteProcessMemory request was completed. (0x12B)
[0322/115723.145:WARNING:pe_image_reader.cc(340)] could not read dos header from C:\WINDOWS\SYSTEM32\CRYPTBASE.DLL
[0322/115723.213:ERROR:process_memory_win.cc(73)] ReadMemory at 0xc22efe5000 of 110592 bytes failed: Only part of a ReadProcessMemory or WriteProcessMemory request was completed. (0x12B)
[0322/115723.213:ERROR:process_memory_win.cc(73)] ReadMemory at 0xc22f7fd000 of 12288 bytes failed: Only part of a ReadProcessMemory or WriteProcessMemory request was completed. (0x12B)
[0322/115723.213:ERROR:process_memory_win.cc(73)] ReadMemory at 0xc2307fc000 of 16384 bytes failed: Only part of a ReadProcessMemory or WriteProcessMemory request was completed. (0x12B)
[0322/115723.213:ERROR:process_memory_win.cc(73)] ReadMemory at 0xc230ffc000 of 16384 bytes failed: Only part of a ReadProcessMemory or WriteProcessMemory request was completed. (0x12B)
[0322/115723.214:ERROR:process_memory_win.cc(73)] ReadMemory at 0xc2317fe000 of 8192 bytes failed: Only part of a ReadProcessMemory or WriteProcessMemory request was completed. (0x12B)
[0322/115723.214:ERROR:process_memory_win.cc(73)] ReadMemory at 0xc231ffd000 of 12288 bytes failed: Only part of a ReadProcessMemory or WriteProcessMemory request was completed. (0x12B)
[0322/115723.214:ERROR:process_memory_win.cc(73)] ReadMemory at 0xc2327fb000 of 20480 bytes failed: Only part of a ReadProcessMemory or WriteProcessMemory request was completed. (0x12B)
[0322/115723.214:ERROR:process_memory_win.cc(73)] ReadMemory at 0xc2337fd000 of 12288 bytes failed: Only part of a ReadProcessMemory or WriteProcessMemory request was completed. (0x12B)
[0322/115723.214:ERROR:process_memory_win.cc(73)] ReadMemory at 0xc233ff5000 of 45056 bytes failed: Only part of a ReadProcessMemory or WriteProcessMemory request was completed. (0x12B)
[0322/115723.214:ERROR:process_memory_win.cc(73)] ReadMemory at 0xc2347f6000 of 40960 bytes failed: Only part of a ReadProcessMemory or WriteProcessMemory request was completed. (0x12B)
[0322/115723.215:ERROR:process_memory_win.cc(73)] ReadMemory at 0xc234ffd000 of 12288 bytes failed: Only part of a ReadProcessMemory or WriteProcessMemory request was completed. (0x12B)
[0322/115723.215:ERROR:process_memory_win.cc(73)] ReadMemory at 0xc232ffd000 of 12288 bytes failed: Only part of a ReadProcessMemory or WriteProcessMemory request was completed. (0x12B)
[0322/115723.215:ERROR:process_memory_win.cc(73)] ReadMemory at 0xc2357fd000 of 12288 bytes failed: Only part of a ReadProcessMemory or WriteProcessMemory request was completed. (0x12B)
[0322/115723.215:ERROR:process_memory_win.cc(73)] ReadMemory at 0xc22fffd000 of 12288 bytes failed: Only part of a ReadProcessMemory or WriteProcessMemory request was completed. (0x12B)
[0322/115723.216:ERROR:process_memory_win.cc(73)] ReadMemory at 0xc22e74f000 of 852 bytes failed: Only part of a ReadProcessMemory or WriteProcessMemory request was completed. (0x12B)
[0322/115723.216:ERROR:process_memory_win.cc(73)] ReadMemory at 0xc22e750000 of 6024 bytes failed: Only part of a ReadProcessMemory or WriteProcessMemory request was completed. (0x12B)
[0322/115723.216:ERROR:process_memory_win.cc(73)] ReadMemory at 0xc22e752000 of 6024 bytes failed: Only part of a ReadProcessMemory or WriteProcessMemory request was completed. (0x12B)
[0322/115723.216:ERROR:process_memory_win.cc(73)] ReadMemory at 0xc22e756000 of 6024 bytes failed: Only part of a ReadProcessMemory or WriteProcessMemory request was completed. (0x12B)
[0322/115723.216:ERROR:process_memory_win.cc(73)] ReadMemory at 0xc22e758000 of 6024 bytes failed: Only part of a ReadProcessMemory or WriteProcessMemory request was completed. (0x12B)
[0322/115723.217:ERROR:process_memory_win.cc(73)] ReadMemory at 0xc22e75a000 of 6024 bytes failed: Only part of a ReadProcessMemory or WriteProcessMemory request was completed. (0x12B)
[0322/115723.217:ERROR:process_memory_win.cc(73)] ReadMemory at 0xc22e75c000 of 6024 bytes failed: Only part of a ReadProcessMemory or WriteProcessMemory request was completed. (0x12B)
[0322/115723.217:ERROR:process_memory_win.cc(73)] ReadMemory at 0xc22e75e000 of 6024 bytes failed: Only part of a ReadProcessMemory or WriteProcessMemory request was completed. (0x12B)
[0322/115723.217:ERROR:process_memory_win.cc(73)] ReadMemory at 0xc22e762000 of 6024 bytes failed: Only part of a ReadProcessMemory or WriteProcessMemory request was completed. (0x12B)
[0322/115723.217:ERROR:process_memory_win.cc(73)] ReadMemory at 0xc22e764000 of 6024 bytes failed: Only part of a ReadProcessMemory or WriteProcessMemory request was completed. (0x12B)
[0322/115723.217:ERROR:process_memory_win.cc(73)] ReadMemory at 0xc22e766000 of 6024 bytes failed: Only part of a ReadProcessMemory or WriteProcessMemory request was completed. (0x12B)
[0322/115723.218:ERROR:process_memory_win.cc(73)] ReadMemory at 0xc22e768000 of 6024 bytes failed: Only part of a ReadProcessMemory or WriteProcessMemory request was completed. (0x12B)
[0322/115723.218:ERROR:process_memory_win.cc(73)] ReadMemory at 0xc22e774000 of 6024 bytes failed: Only part of a ReadProcessMemory or WriteProcessMemory request was completed. (0x12B)
[0322/115723.218:ERROR:process_memory_win.cc(73)] ReadMemory at 0xc22e7a6000 of 6024 bytes failed: Only part of a ReadProcessMemory or WriteProcessMemory request was completed. (0x12B)
[0322/115723.218:ERROR:process_memory_win.cc(73)] ReadMemory at 0xc22e7ac000 of 6024 bytes failed: Only part of a ReadProcessMemory or WriteProcessMemory request was completed. (0x12B)
[0322/115723.219:ERROR:process_memory_win.cc(73)] ReadMemory at 0x1f6d31d0fe0 of 4696 bytes failed: Only part of a ReadProcessMemory or WriteProcessMemory request was completed. (0x12B)
[0322/115723.219:ERROR:process_memory_win.cc(73)] ReadMemory at 0x1f6d31d2240 of 1012 bytes failed: Only part of a ReadProcessMemory or WriteProcessMemory request was completed. (0x12B)
[0322/115723.219:ERROR:process_memory_win.cc(73)] ReadMemory at 0x1f6d31d2868 of 118 bytes failed: Only part of a ReadProcessMemory or WriteProcessMemory request was completed. (0x12B)
[0322/115723.219:ERROR:process_memory_win.cc(73)] ReadMemory at 0x1f6d31d28e0 of 1308 bytes failed: Only part of a ReadProcessMemory or WriteProcessMemory request was completed. (0x12B)
[0322/115723.219:ERROR:process_memory_win.cc(73)] ReadMemory at 0x1f6d31d2dfe of 118 bytes failed: Only part of a ReadProcessMemory or WriteProcessMemory request was completed. (0x12B)
[0322/115723.220:ERROR:process_memory_win.cc(73)] ReadMemory at 0x1f6d31d2e76 of 96 bytes failed: Only part of a ReadProcessMemory or WriteProcessMemory request was completed. (0x12B)
[0322/115723.220:ERROR:process_memory_win.cc(73)] ReadMemory at 0x1f6d31d2ef0 of 58 bytes failed: Only part of a ReadProcessMemory or WriteProcessMemory request was completed. (0x12B)
[0322/115723.220:ERROR:process_memory_win.cc(73)] ReadMemory at 0x1f6d31d2ff0 of 132 bytes failed: Only part of a ReadProcessMemory or WriteProcessMemory request was completed. (0x12B)
[0322/115723.220:ERROR:process_memory_win.cc(73)] ReadMemory at 0x1f6d31d3180 of 132 bytes failed: Only part of a ReadProcessMemory or WriteProcessMemory request was completed. (0x12B)
[0322/115723.220:ERROR:process_memory_win.cc(73)] ReadMemory at 0x1f6d31d3340 of 126 bytes failed: Only part of a ReadProcessMemory or WriteProcessMemory request was completed. (0x12B)
[0322/115723.220:ERROR:process_memory_win.cc(73)] ReadMemory at 0x1f6d31d3720 of 132 bytes failed: Only part of a ReadProcessMemory or WriteProcessMemory request was completed. (0x12B)
[0322/115723.220:ERROR:process_memory_win.cc(73)] ReadMemory at 0x1f6d31d38b0 of 64 bytes failed: Only part of a ReadProcessMemory or WriteProcessMemory request was completed. (0x12B)
[0322/115723.220:ERROR:process_memory_win.cc(73)] ReadMemory at 0x1f6d31d3d10 of 132 bytes failed: Only part of a ReadProcessMemory or WriteProcessMemory request was completed. (0x12B)
[0322/115723.220:ERROR:process_memory_win.cc(73)] ReadMemory at 0x1f6d31d3ea0 of 68 bytes failed: Only part of a ReadProcessMemory or WriteProcessMemory request was completed. (0x12B)
[0322/115723.221:ERROR:process_memory_win.cc(73)] ReadMemory at 0x1f6d31d4e90 of 132 bytes failed: Only part of a ReadProcessMemory or WriteProcessMemory request was completed. (0x12B)
[0322/115723.221:ERROR:process_memory_win.cc(73)] ReadMemory at 0x1f6d31d4fd0 of 132 bytes failed: Only part of a ReadProcessMemory or WriteProcessMemory request was completed. (0x12B)
[0322/115723.221:ERROR:process_memory_win.cc(73)] ReadMemory at 0x1f6d31d5100 of 154 bytes failed: Only part of a ReadProcessMemory or WriteProcessMemory request was completed. (0x12B)
[0322/115723.221:ERROR:process_memory_win.cc(73)] ReadMemory at 0x1f6d31d5f00 of 62 bytes failed: Only part of a ReadProcessMemory or WriteProcessMemory request was completed. (0x12B)
[0322/115723.221:ERROR:process_memory_win.cc(73)] ReadMemory at 0x1f6d31d5f50 of 132 bytes failed: Only part of a ReadProcessMemory or WriteProcessMemory request was completed. (0x12B)
[0322/115723.221:ERROR:process_memory_win.cc(73)] ReadMemory at 0x1f6d31d60f0 of 60 bytes failed: Only part of a ReadProcessMemory or WriteProcessMemory request was completed. (0x12B)
[0322/115723.221:ERROR:process_memory_win.cc(73)] ReadMemory at 0x1f6d31d66e0 of 132 bytes failed: Only part of a ReadProcessMemory or WriteProcessMemory request was completed. (0x12B)
[0322/115723.221:ERROR:process_memory_win.cc(73)] ReadMemory at 0x1f6d31d74fc of 512 bytes failed: Only part of a ReadProcessMemory or WriteProcessMemory request was completed. (0x12B)
[0322/115723.221:ERROR:process_memory_win.cc(73)] ReadMemory at 0x1f6d31d7910 of 132 bytes failed: Only part of a ReadProcessMemory or WriteProcessMemory request was completed. (0x12B)
[0322/115723.222:ERROR:process_memory_win.cc(73)] ReadMemory at 0x1f6d31d7b80 of 132 bytes failed: Only part of a ReadProcessMemory or WriteProcessMemory request was completed. (0x12B)
[0322/115723.222:ERROR:process_memory_win.cc(73)] ReadMemory at 0x1f6d31d7d90 of 132 bytes failed: Only part of a ReadProcessMemory or WriteProcessMemory request was completed. (0x12B)
[0322/115723.222:ERROR:process_memory_win.cc(73)] ReadMemory at 0x1f6d31da790 of 132 bytes failed: Only part of a ReadProcessMemory or WriteProcessMemory request was completed. (0x12B)
[0322/115723.222:ERROR:process_memory_win.cc(73)] ReadMemory at 0x1f6d31da8c0 of 132 bytes failed: Only part of a ReadProcessMemory or WriteProcessMemory request was completed. (0x12B)
[0322/115723.223:ERROR:process_memory_win.cc(73)] ReadMemory at 0x1f6d31daa50 of 80 bytes failed: Only part of a ReadProcessMemory or WriteProcessMemory request was completed. (0x12B)
[0322/115723.223:ERROR:process_memory_win.cc(73)] ReadMemory at 0x1f6d31dace0 of 64 bytes failed: Only part of a ReadProcessMemory or WriteProcessMemory request was completed. (0x12B)
[0322/115723.223:ERROR:process_memory_win.cc(73)] ReadMemory at 0x1f6d31dad30 of 62 bytes failed: Only part of a ReadProcessMemory or WriteProcessMemory request was completed. (0x12B)
[0322/115723.223:ERROR:process_memory_win.cc(73)] ReadMemory at 0x1f6d31dae20 of 64 bytes failed: Only part of a ReadProcessMemory or WriteProcessMemory request was completed. (0x12B)
[0322/115723.224:ERROR:process_memory_win.cc(73)] ReadMemory at 0x1f6d31dae70 of 66 bytes failed: Only part of a ReadProcessMemory or WriteProcessMemory request was completed. (0x12B)
[0322/115723.224:ERROR:process_memory_win.cc(73)] ReadMemory at 0x1f6d31daf60 of 60 bytes failed: Only part of a ReadProcessMemory or WriteProcessMemory request was completed. (0x12B)
[0322/115723.224:ERROR:process_memory_win.cc(73)] ReadMemory at 0x1f6d31db050 of 64 bytes failed: Only part of a ReadProcessMemory or WriteProcessMemory request was completed. (0x12B)
[0322/115723.224:ERROR:process_memory_win.cc(73)] ReadMemory at 0x1f6d31db1e0 of 62 bytes failed: Only part of a ReadProcessMemory or WriteProcessMemory request was completed. (0x12B)
[0322/115723.224:ERROR:process_memory_win.cc(73)] ReadMemory at 0x1f6d31db230 of 64 bytes failed: Only part of a ReadProcessMemory or WriteProcessMemory request was completed. (0x12B)
[0322/115723.224:ERROR:process_memory_win.cc(73)] ReadMemory at 0x1f6d31db280 of 60 bytes failed: Only part of a ReadProcessMemory or WriteProcessMemory request was completed. (0x12B)
[0322/115723.225:ERROR:process_memory_win.cc(73)] ReadMemory at 0x1f6d31dbc70 of 60 bytes failed: Only part of a ReadProcessMemory or WriteProcessMemory request was completed. (0x12B)
[0322/115723.225:ERROR:process_memory_win.cc(73)] ReadMemory at 0x1f6d31dbcc0 of 62 bytes failed: Only part of a ReadProcessMemory or WriteProcessMemory request was completed. (0x12B)
[0322/115723.225:ERROR:process_memory_win.cc(73)] ReadMemory at 0x1f6d31dbef0 of 62 bytes failed: Only part of a ReadProcessMemory or WriteProcessMemory request was completed. (0x12B)
[0322/115723.225:ERROR:process_memory_win.cc(73)] ReadMemory at 0x1f6d31dbfe0 of 62 bytes failed: Only part of a ReadProcessMemory or WriteProcessMemory request was completed. (0x12B)
[0322/115723.225:ERROR:process_memory_win.cc(73)] ReadMemory at 0x1f6d31dc210 of 64 bytes failed: Only part of a ReadProcessMemory or WriteProcessMemory request was completed. (0x12B)
[0322/115723.226:ERROR:process_memory_win.cc(73)] ReadMemory at 0x1f6d31dc260 of 60 bytes failed: Only part of a ReadProcessMemory or WriteProcessMemory request was completed. (0x12B)
[0322/115723.226:ERROR:process_memory_win.cc(73)] ReadMemory at 0x1f6d31dc300 of 64 bytes failed: Only part of a ReadProcessMemory or WriteProcessMemory request was completed. (0x12B)
[0322/115723.226:ERROR:process_memory_win.cc(73)] ReadMemory at 0x1f6d31dc350 of 62 bytes failed: Only part of a ReadProcessMemory or WriteProcessMemory request was completed. (0x12B)
[0322/115723.226:ERROR:process_memory_win.cc(73)] ReadMemory at 0x1f6d31dc3a0 of 64 bytes failed: Only part of a ReadProcessMemory or WriteProcessMemory request was completed. (0x12B)
[0322/115723.226:ERROR:process_memory_win.cc(73)] ReadMemory at 0x1f6d31dc530 of 60 bytes failed: Only part of a ReadProcessMemory or WriteProcessMemory request was completed. (0x12B)
[0322/115723.226:ERROR:process_memory_win.cc(73)] ReadMemory at 0x1f6d31dc580 of 62 bytes failed: Only part of a ReadProcessMemory or WriteProcessMemory request was completed. (0x12B)
[0322/115723.226:ERROR:process_memory_win.cc(73)] ReadMemory at 0x1f6d31dc620 of 66 bytes failed: Only part of a ReadProcessMemory or WriteProcessMemory request was completed. (0x12B)
[0322/115723.227:ERROR:process_memory_win.cc(73)] ReadMemory at 0x1f6d31dc670 of 62 bytes failed: Only part of a ReadProcessMemory or WriteProcessMemory request was completed. (0x12B)
[0322/115723.227:ERROR:process_memory_win.cc(73)] ReadMemory at 0x1f6d31dc6c0 of 68 bytes failed: Only part of a ReadProcessMemory or WriteProcessMemory request was completed. (0x12B)
[0322/115723.227:ERROR:process_memory_win.cc(73)] ReadMemory at 0x1f6d31dc710 of 64 bytes failed: Only part of a ReadProcessMemory or WriteProcessMemory request was completed. (0x12B)
[0322/115723.227:ERROR:process_memory_win.cc(73)] ReadMemory at 0x1f6d31dc760 of 62 bytes failed: Only part of a ReadProcessMemory or WriteProcessMemory request was completed. (0x12B)
[0322/115723.228:ERROR:process_memory_win.cc(73)] ReadMemory at 0x1f6d31dc9e0 of 60 bytes failed: Only part of a ReadProcessMemory or WriteProcessMemory request was completed. (0x12B)
[0322/115723.228:ERROR:process_memory_win.cc(73)] ReadMemory at 0x1f6d31dca30 of 58 bytes failed: Only part of a ReadProcessMemory or WriteProcessMemory request was completed. (0x12B)
[0322/115723.228:ERROR:process_memory_win.cc(73)] ReadMemory at 0x1f6d31dcad0 of 62 bytes failed: Only part of a ReadProcessMemory or WriteProcessMemory request was completed. (0x12B)
[0322/115723.228:ERROR:process_memory_win.cc(73)] ReadMemory at 0x1f6d31de720 of 54 bytes failed: Only part of a ReadProcessMemory or WriteProcessMemory request was completed. (0x12B)
[0322/115723.228:ERROR:process_memory_win.cc(73)] ReadMemory at 0x1f6d31df070 of 132 bytes failed: Only part of a ReadProcessMemory or WriteProcessMemory request was completed. (0x12B)
[0322/115723.228:ERROR:process_memory_win.cc(73)] ReadMemory at 0x1f6d31df390 of 132 bytes failed: Only part of a ReadProcessMemory or WriteProcessMemory request was completed. (0x12B)
[0322/115723.229:ERROR:process_memory_win.cc(73)] ReadMemory at 0x1f6d31dfad0 of 132 bytes failed: Only part of a ReadProcessMemory or WriteProcessMemory request was completed. (0x12B)
[0322/115723.229:ERROR:process_memory_win.cc(73)] ReadMemory at 0x1f6d31e0160 of 132 bytes failed: Only part of a ReadProcessMemory or WriteProcessMemory request was completed. (0x12B)
[0322/115723.229:ERROR:process_memory_win.cc(73)] ReadMemory at 0x1f6d31e0290 of 146 bytes failed: Only part of a ReadProcessMemory or WriteProcessMemory request was completed. (0x12B)
[0322/115723.229:ERROR:process_memory_win.cc(73)] ReadMemory at 0x1f6d31e4f40 of 132 bytes failed: Only part of a ReadProcessMemory or WriteProcessMemory request was completed. (0x12B)
[0322/115723.229:ERROR:process_memory_win.cc(73)] ReadMemory at 0x1f6d31e5070 of 132 bytes failed: Only part of a ReadProcessMemory or WriteProcessMemory request was completed. (0x12B)
[0322/115723.230:ERROR:process_memory_win.cc(73)] ReadMemory at 0x1f6d31e51a0 of 132 bytes failed: Only part of a ReadProcessMemory or WriteProcessMemory request was completed. (0x12B)
[0322/115723.230:ERROR:process_memory_win.cc(73)] ReadMemory at 0x1f6d31e5400 of 132 bytes failed: Only part of a ReadProcessMemory or WriteProcessMemory request was completed. (0x12B)
[0322/115723.230:ERROR:process_memory_win.cc(73)] ReadMemory at 0x1f6d31e5530 of 132 bytes failed: Only part of a ReadProcessMemory or WriteProcessMemory request was completed. (0x12B)
[0322/115723.230:ERROR:process_memory_win.cc(73)] ReadMemory at 0x1f6d31e5660 of 132 bytes failed: Only part of a ReadProcessMemory or WriteProcessMemory request was completed. (0x12B)
[0322/115723.230:ERROR:process_memory_win.cc(73)] ReadMemory at 0x1f6d31e5790 of 132 bytes failed: Only part of a ReadProcessMemory or WriteProcessMemory request was completed. (0x12B)
[0322/115723.230:ERROR:process_memory_win.cc(73)] ReadMemory at 0x1f6d31e58c0 of 132 bytes failed: Only part of a ReadProcessMemory or WriteProcessMemory request was completed. (0x12B)
[0322/115723.230:ERROR:process_memory_win.cc(73)] ReadMemory at 0x1f6d31e59f0 of 132 bytes failed: Only part of a ReadProcessMemory or WriteProcessMemory request was completed. (0x12B)
[0322/115723.230:ERROR:process_memory_win.cc(73)] ReadMemory at 0x1f6d31e5b20 of 132 bytes failed: Only part of a ReadProcessMemory or WriteProcessMemory request was completed. (0x12B)
[0322/115723.231:ERROR:process_memory_win.cc(73)] ReadMemory at 0x1f6d31e5c50 of 132 bytes failed: Only part of a ReadProcessMemory or WriteProcessMemory request was completed. (0x12B)
[0322/115723.231:ERROR:process_memory_win.cc(73)] ReadMemory at 0x1f6d31e5d80 of 132 bytes failed: Only part of a ReadProcessMemory or WriteProcessMemory request was completed. (0x12B)
[0322/115723.231:ERROR:process_memory_win.cc(73)] ReadMemory at 0x1f6d31e61f0 of 76 bytes failed: Only part of a ReadProcessMemory or WriteProcessMemory request was completed. (0x12B)
[0322/115723.231:ERROR:process_memory_win.cc(73)] ReadMemory at 0x1f6d31e6250 of 80 bytes failed: Only part of a ReadProcessMemory or WriteProcessMemory request was completed. (0x12B)
[0322/115723.231:ERROR:process_memory_win.cc(73)] ReadMemory at 0x1f6d31e63d0 of 78 bytes failed: Only part of a ReadProcessMemory or WriteProcessMemory request was completed. (0x12B)
[0322/115723.231:ERROR:process_memory_win.cc(73)] ReadMemory at 0x1f6d31e6f60 of 132 bytes failed: Only part of a ReadProcessMemory or WriteProcessMemory request was completed. (0x12B)
[0322/115723.231:ERROR:process_memory_win.cc(73)] ReadMemory at 0x1f6d31e7090 of 132 bytes failed: Only part of a ReadProcessMemory or WriteProcessMemory request was completed. (0x12B)
[0322/115723.231:ERROR:process_memory_win.cc(73)] ReadMemory at 0x1f6d31e71c0 of 132 bytes failed: Only part of a ReadProcessMemory or WriteProcessMemory request was completed. (0x12B)
[0322/115723.232:ERROR:process_memory_win.cc(73)] ReadMemory at 0x1f6d31e72f0 of 132 bytes failed: Only part of a ReadProcessMemory or WriteProcessMemory request was completed. (0x12B)
[0322/115723.232:ERROR:process_memory_win.cc(73)] ReadMemory at 0x1f6d31e7420 of 132 bytes failed: Only part of a ReadProcessMemory or WriteProcessMemory request was completed. (0x12B)
[0322/115723.232:ERROR:process_memory_win.cc(73)] ReadMemory at 0x1f6d31e7550 of 132 bytes failed: Only part of a ReadProcessMemory or WriteProcessMemory request was completed. (0x12B)
[0322/115723.232:ERROR:process_memory_win.cc(73)] ReadMemory at 0x1f6d31e7680 of 132 bytes failed: Only part of a ReadProcessMemory or WriteProcessMemory request was completed. (0x12B)
[0322/115723.232:ERROR:process_memory_win.cc(73)] ReadMemory at 0x1f6d31e77b0 of 132 bytes failed: Only part of a ReadProcessMemory or WriteProcessMemory request was completed. (0x12B)
[0322/115723.232:ERROR:process_memory_win.cc(73)] ReadMemory at 0x1f6d31e78e0 of 132 bytes failed: Only part of a ReadProcessMemory or WriteProcessMemory request was completed. (0x12B)
[0322/115723.232:ERROR:process_memory_win.cc(73)] ReadMemory at 0x1f6d31e7a10 of 132 bytes failed: Only part of a ReadProcessMemory or WriteProcessMemory request was completed. (0x12B)
[0322/115723.232:ERROR:process_memory_win.cc(73)] ReadMemory at 0x1f6d31e7b40 of 132 bytes failed: Only part of a ReadProcessMemory or WriteProcessMemory request was completed. (0x12B)
[0322/115723.233:ERROR:process_memory_win.cc(73)] ReadMemory at 0x1f6d31e7c70 of 132 bytes failed: Only part of a ReadProcessMemory or WriteProcessMemory request was completed. (0x12B)
[0322/115723.233:ERROR:process_memory_win.cc(73)] ReadMemory at 0x1f6d31e7da0 of 132 bytes failed: Only part of a ReadProcessMemory or WriteProcessMemory request was completed. (0x12B)
[0322/115723.233:ERROR:process_memory_win.cc(73)] ReadMemory at 0x1f6d31e8000 of 132 bytes failed: Only part of a ReadProcessMemory or WriteProcessMemory request was completed. (0x12B)
[0322/115723.233:ERROR:process_memory_win.cc(73)] ReadMemory at 0x1f6d31e85f0 of 132 bytes failed: Only part of a ReadProcessMemory or WriteProcessMemory request was completed. (0x12B)
[0322/115723.233:ERROR:process_memory_win.cc(73)] ReadMemory at 0x1f6d31e8720 of 132 bytes failed: Only part of a ReadProcessMemory or WriteProcessMemory request was completed. (0x12B)
[0322/115723.233:ERROR:process_memory_win.cc(73)] ReadMemory at 0x1f6d31e8850 of 132 bytes failed: Only part of a ReadProcessMemory or WriteProcessMemory request was completed. (0x12B)
[0322/115723.234:ERROR:process_memory_win.cc(73)] ReadMemory at 0x1f6d31e8980 of 132 bytes failed: Only part of a ReadProcessMemory or WriteProcessMemory request was completed. (0x12B)
[0322/115723.234:ERROR:process_memory_win.cc(73)] ReadMemory at 0x1f6d31e8ab0 of 132 bytes failed: Only part of a ReadProcessMemory or WriteProcessMemory request was completed. (0x12B)
[0322/115723.234:ERROR:process_memory_win.cc(73)] ReadMemory at 0x1f6d31e8be0 of 132 bytes failed: Only part of a ReadProcessMemory or WriteProcessMemory request was completed. (0x12B)
[0322/115723.234:ERROR:process_memory_win.cc(73)] ReadMemory at 0x1f6d31e8d10 of 132 bytes failed: Only part of a ReadProcessMemory or WriteProcessMemory request was completed. (0x12B)
[0322/115723.234:ERROR:process_memory_win.cc(73)] ReadMemory at 0x1f6d31f3a80 of 66 bytes failed: Only part of a ReadProcessMemory or WriteProcessMemory request was completed. (0x12B)
[0322/115723.234:ERROR:process_memory_win.cc(73)] ReadMemory at 0x1f6d31f3d00 of 58 bytes failed: Only part of a ReadProcessMemory or WriteProcessMemory request was completed. (0x12B)
[0322/115723.234:ERROR:process_memory_win.cc(73)] ReadMemory at 0x1f6d31f3ee0 of 64 bytes failed: Only part of a ReadProcessMemory or WriteProcessMemory request was completed. (0x12B)
[0322/115723.235:ERROR:process_memory_win.cc(73)] ReadMemory at 0x1f6d31f3f30 of 62 bytes failed: Only part of a ReadProcessMemory or WriteProcessMemory request was completed. (0x12B)
[0322/115723.235:ERROR:process_memory_win.cc(73)] ReadMemory at 0x1f6d31f4070 of 58 bytes failed: Only part of a ReadProcessMemory or WriteProcessMemory request was completed. (0x12B)
[0322/115723.235:ERROR:process_memory_win.cc(73)] ReadMemory at 0x1f6d31f4160 of 60 bytes failed: Only part of a ReadProcessMemory or WriteProcessMemory request was completed. (0x12B)
[0322/115723.235:ERROR:process_memory_win.cc(73)] ReadMemory at 0x1f6d31f4390 of 60 bytes failed: Only part of a ReadProcessMemory or WriteProcessMemory request was completed. (0x12B)
[0322/115723.235:ERROR:process_memory_win.cc(73)] ReadMemory at 0x1f6d31f43e0 of 62 bytes failed: Only part of a ReadProcessMemory or WriteProcessMemory request was completed. (0x12B)
[0322/115723.235:ERROR:process_memory_win.cc(73)] ReadMemory at 0x1f6d31f4570 of 62 bytes failed: Only part of a ReadProcessMemory or WriteProcessMemory request was completed. (0x12B)
[0322/115723.235:ERROR:process_memory_win.cc(73)] ReadMemory at 0x1f6d3209780 of 512 bytes failed: Only part of a ReadProcessMemory or WriteProcessMemory request was completed. (0x12B)
[0322/115723.236:ERROR:process_memory_win.cc(73)] ReadMemory at 0x1f6d320a780 of 512 bytes failed: Only part of a ReadProcessMemory or WriteProcessMemory request was completed. (0x12B)
[0322/115723.236:ERROR:process_memory_win.cc(73)] ReadMemory at 0x1f6d33c1fc0 of 512 bytes failed: Only part of a ReadProcessMemory or WriteProcessMemory request was completed. (0x12B)
[0322/115723.236:ERROR:process_memory_win.cc(73)] ReadMemory at 0x1f6d33c2500 of 512 bytes failed: Only part of a ReadProcessMemory or WriteProcessMemory request was completed. (0x12B)
[0322/115723.236:ERROR:process_memory_win.cc(73)] ReadMemory at 0x1f6d3465550 of 512 bytes failed: Only part of a ReadProcessMemory or WriteProcessMemory request was completed. (0x12B)
[0322/115723.236:ERROR:process_memory_win.cc(73)] ReadMemory at 0x1f6d3477240 of 512 bytes failed: Only part of a ReadProcessMemory or WriteProcessMemory request was completed. (0x12B)
[0322/115723.236:ERROR:process_memory_win.cc(73)] ReadMemory at 0x1f6d347f180 of 512 bytes failed: Only part of a ReadProcessMemory or WriteProcessMemory request was completed. (0x12B)
[0322/115723.236:ERROR:process_memory_win.cc(73)] ReadMemory at 0x1f6d347f680 of 512 bytes failed: Only part of a ReadProcessMemory or WriteProcessMemory request was completed. (0x12B)
[0322/115723.236:ERROR:process_memory_win.cc(73)] ReadMemory at 0x1f6d3489a80 of 512 bytes failed: Only part of a ReadProcessMemory or WriteProcessMemory request was completed. (0x12B)
[0322/115723.236:ERROR:process_memory_win.cc(73)] ReadMemory at 0x1f6d348e728 of 512 bytes failed: Only part of a ReadProcessMemory or WriteProcessMemory request was completed. (0x12B)
[0322/115723.236:ERROR:process_memory_win.cc(73)] ReadMemory at 0x1f6d3490b60 of 712 bytes failed: Only part of a ReadProcessMemory or WriteProcessMemory request was completed. (0x12B)
[0322/115723.237:ERROR:process_memory_win.cc(73)] ReadMemory at 0x1f6d349fc98 of 512 bytes failed: Only part of a ReadProcessMemory or WriteProcessMemory request was completed. (0x12B)
[0322/115723.237:ERROR:process_memory_win.cc(73)] ReadMemory at 0x1f6d34a0a18 of 656 bytes failed: Only part of a ReadProcessMemory or WriteProcessMemory request was completed. (0x12B)
[0322/115723.237:ERROR:process_memory_win.cc(73)] ReadMemory at 0x1f6d35235b8 of 512 bytes failed: Only part of a ReadProcessMemory or WriteProcessMemory request was completed. (0x12B)
[0322/115723.237:ERROR:process_memory_win.cc(73)] ReadMemory at 0x1f6d55523d0 of 512 bytes failed: Only part of a ReadProcessMemory or WriteProcessMemory request was completed. (0x12B)
[0322/115723.237:ERROR:process_memory_win.cc(73)] ReadMemory at 0x1f6d55e4750 of 536 bytes failed: Only part of a ReadProcessMemory or WriteProcessMemory request was completed. (0x12B)
[0322/115723.237:ERROR:process_memory_win.cc(73)] ReadMemory at 0x1f6d56446a0 of 512 bytes failed: Only part of a ReadProcessMemory or WriteProcessMemory request was completed. (0x12B)
[0322/115723.238:ERROR:process_memory_win.cc(73)] ReadMemory at 0x1f6d5b5ccd0 of 512 bytes failed: Only part of a ReadProcessMemory or WriteProcessMemory request was completed. (0x12B)
[0322/115723.238:ERROR:process_memory_win.cc(73)] ReadMemory at 0x1f6d5b5d0c0 of 512 bytes failed: Only part of a ReadProcessMemory or WriteProcessMemory request was completed. (0x12B)
[0322/115723.238:ERROR:process_memory_win.cc(73)] ReadMemory at 0x1f6d5d44ef0 of 512 bytes failed: Only part of a ReadProcessMemory or WriteProcessMemory request was completed. (0x12B)
[0322/115723.238:ERROR:process_memory_win.cc(73)] ReadMemory at 0x1f6d5d91860 of 512 bytes failed: Only part of a ReadProcessMemory or WriteProcessMemory request was completed. (0x12B)
[0322/115723.238:ERROR:process_memory_win.cc(73)] ReadMemory at 0x1f6d5dc1d40 of 512 bytes failed: Only part of a ReadProcessMemory or WriteProcessMemory request was completed. (0x12B)
[0322/115723.239:ERROR:process_memory_win.cc(73)] ReadMemory at 0x1f6d5e8fd90 of 512 bytes failed: Only part of a ReadProcessMemory or WriteProcessMemory request was completed. (0x12B)
[0322/115723.239:ERROR:process_memory_win.cc(73)] ReadMemory at 0x6ea608241791 of 512 bytes failed: Only part of a ReadProcessMemory or WriteProcessMemory request was completed. (0x12B)
[0322/115723.240:ERROR:process_memory_win.cc(73)] ReadMemory at 0x6ea608f94119 of 512 bytes failed: Only part of a ReadProcessMemory or WriteProcessMemory request was completed. (0x12B)
[0322/115723.240:ERROR:process_memory_win.cc(73)] ReadMemory at 0x7ffa2350026c of 512 bytes failed: Only part of a ReadProcessMemory or WriteProcessMemory request was completed. (0x12B)
[0322/115723.240:ERROR:process_memory_win.cc(73)] ReadMemory at 0x7ffa6e5190d9 of 512 bytes failed: Only part of a ReadProcessMemory or WriteProcessMemory request was completed. (0x12B)
[0322/115723.240:ERROR:process_memory_win.cc(73)] ReadMemory at 0x7ffa71b1ff00 of 512 bytes failed: Only part of a ReadProcessMemory or WriteProcessMemory request was completed. (0x12B)
[0322/115723.240:ERROR:process_memory_win.cc(73)] ReadMemory at 0x7ffa71b6f754 of 672 bytes failed: Only part of a ReadProcessMemory or WriteProcessMemory request was completed. (0x12B)
[0322/115723.241:ERROR:process_memory_win.cc(73)] ReadMemory at 0x7ffa71b6fd54 of 512 bytes failed: Only part of a ReadProcessMemory or WriteProcessMemory request was completed. (0x12B)
[0322/115723.241:ERROR:process_memory_win.cc(73)] ReadMemory at 0x7ffa71b72fe4 of 608 bytes failed: Only part of a ReadProcessMemory or WriteProcessMemory request was completed. (0x12B)
[0322/115723.241:ERROR:process_memory_win.cc(73)] ReadMemory at 0x7ffa71bfc0c8 of 18 bytes failed: Only part of a ReadProcessMemory or WriteProcessMemory request was completed. (0x12B)
[0322/115723.241:ERROR:process_memory_win.cc(73)] ReadMemory at 0x7ffa71c2f4f8 of 40 bytes failed: Only part of a ReadProcessMemory or WriteProcessMemory request was completed. (0x12B)
[0322/115723.241:ERROR:process_memory_win.cc(73)] ReadMemory at 0x7ffa71c2f978 of 48 bytes failed: Only part of a ReadProcessMemory or WriteProcessMemory request was completed. (0x12B)
[0322/115723.242:ERROR:process_memory_win.cc(73)] ReadMemory at 0x7ffa71c353a0 of 64 bytes failed: Only part of a ReadProcessMemory or WriteProcessMemory request was completed. (0x12B)
[0322/115723.245:ERROR:scoped_process_suspend.cc(40)] NtResumeProcess: An attempt was made to access an exiting process. (0xc000010a)
